Using pre-set license
Built from '2022.3/staging' branch; Version is '2022.3.25f1 (530ae0ba3889) revision 5442272'; Using compiler version '192829333'; Build Type 'Release'
OS: 'Windows 11  (10.0.26100) 64bit Core' Language: 'es' Physical Memory: 15765 MB
BatchMode: 1, IsHumanControllingUs: 0, StartBugReporterOnCrash: 0, Is64bit: 1, IsPro: 1

COMMAND LINE ARGUMENTS:
C:\Program Files\Unity\Hub\Editor\2022.3.25f1\Editor\Unity.exe
-adb2
-batchMode
-noUpm
-name
AssetImportWorker1
-projectPath
C:/Users/jg200/OneDrive/Escritorio/Escritorio/SpaceWar/Nova
-logFile
Logs/AssetImportWorker1.log
-srvPort
52542
Successfully changed project path to: C:/Users/jg200/OneDrive/Escritorio/Escritorio/SpaceWar/Nova
C:/Users/jg200/OneDrive/Escritorio/Escritorio/SpaceWar/Nova
[UnityMemory] Configuration Parameters - Can be set up in boot.config
    "memorysetup-bucket-allocator-granularity=16"
    "memorysetup-bucket-allocator-bucket-count=8"
    "memorysetup-bucket-allocator-block-size=33554432"
    "memorysetup-bucket-allocator-block-count=8"
    "memorysetup-main-allocator-block-size=16777216"
    "memorysetup-thread-allocator-block-size=16777216"
    "memorysetup-gfx-main-allocator-block-size=16777216"
    "memorysetup-gfx-thread-allocator-block-size=16777216"
    "memorysetup-cache-allocator-block-size=4194304"
    "memorysetup-typetree-allocator-block-size=2097152"
    "memorysetup-profiler-bucket-allocator-granularity=16"
    "memorysetup-profiler-bucket-allocator-bucket-count=8"
    "memorysetup-profiler-bucket-allocator-block-size=33554432"
    "memorysetup-profiler-bucket-allocator-block-count=8"
    "memorysetup-profiler-allocator-block-size=16777216"
    "memorysetup-profiler-editor-allocator-block-size=1048576"
    "memorysetup-temp-allocator-size-main=16777216"
    "memorysetup-job-temp-allocator-block-size=2097152"
    "memorysetup-job-temp-allocator-block-size-background=1048576"
    "memorysetup-job-temp-allocator-reduction-small-platforms=262144"
    "memorysetup-allocator-temp-initial-block-size-main=262144"
    "memorysetup-allocator-temp-initial-block-size-worker=262144"
    "memorysetup-temp-allocator-size-background-worker=32768"
    "memorysetup-temp-allocator-size-job-worker=262144"
    "memorysetup-temp-allocator-size-preload-manager=33554432"
    "memorysetup-temp-allocator-size-nav-mesh-worker=65536"
    "memorysetup-temp-allocator-size-audio-worker=65536"
    "memorysetup-temp-allocator-size-cloud-worker=32768"
    "memorysetup-temp-allocator-size-gi-baking-worker=262144"
    "memorysetup-temp-allocator-size-gfx=262144"
Player connection [20264] Host "[IP] 192.168.56.1 [Port] 0 [Flags] 2 [Guid] 432995410 [EditorId] 432995410 [Version] 1048832 [Id] WindowsEditor(7,DESKTOP-1UNNK9V) [Debug] 1 [PackageName] WindowsEditor [ProjectName] Editor" joined multi-casting on [225.0.0.222:54997]...

Player connection [20264] Host "[IP] 192.168.56.1 [Port] 0 [Flags] 2 [Guid] 432995410 [EditorId] 432995410 [Version] 1048832 [Id] WindowsEditor(7,DESKTOP-1UNNK9V) [Debug] 1 [PackageName] WindowsEditor [ProjectName] Editor" joined alternative multi-casting on [225.0.0.222:34997]...

[Physics::Module] Initialized MultithreadedJobDispatcher with 11 workers.
Refreshing native plugins compatible for Editor in 40.92 ms, found 4 plugins.
Preloading 0 native plugins for Editor in 0.00 ms.
Initialize engine version: 2022.3.25f1 (530ae0ba3889)
[Subsystems] Discovering subsystems at path C:/Program Files/Unity/Hub/Editor/2022.3.25f1/Editor/Data/Resources/UnitySubsystems
[Subsystems] Discovering subsystems at path C:/Users/jg200/OneDrive/Escritorio/Escritorio/SpaceWar/Nova/Assets
GfxDevice: creating device client; threaded=0; jobified=0
Direct3D:
    Version:  Direct3D 11.0 [level 11.1]
    Renderer: AMD Radeon RX 6650 XT (ID=0x73ef)
    Vendor:   ATI
    VRAM:     8120 MB
    Driver:   32.0.12033.1030
Initialize mono
Mono path[0] = 'C:/Program Files/Unity/Hub/Editor/2022.3.25f1/Editor/Data/Managed'
Mono path[1] = 'C:/Program Files/Unity/Hub/Editor/2022.3.25f1/Editor/Data/MonoBleedingEdge/lib/mono/unityjit-win32'
Mono config path = 'C:/Program Files/Unity/Hub/Editor/2022.3.25f1/Editor/Data/MonoBleedingEdge/etc'
Using monoOptions --debugger-agent=transport=dt_socket,embedding=1,server=y,suspend=n,address=127.0.0.1:56784
Begin MonoManager ReloadAssembly
Registering precompiled unity dll's ...
Register platform support module: C:/Program Files/Unity/Hub/Editor/2022.3.25f1/Editor/Data/PlaybackEngines/WindowsStandaloneSupport/UnityEditor.WindowsStandalone.Extensions.dll
Registered in 0.029201 seconds.
- Loaded All Assemblies, in  0.494 seconds
Native extension for WindowsStandalone target not found
Mono: successfully reloaded assembly
- Finished resetting the current domain, in  0.281 seconds
Domain Reload Profiling: 762ms
	BeginReloadAssembly (189ms)
		ExecutionOrderSort (0ms)
		DisableScriptedObjects (0ms)
		BackupInstance (0ms)
		ReleaseScriptingObjects (0ms)
		CreateAndSetChildDomain (1ms)
	RebuildCommonClasses (38ms)
	RebuildNativeTypeToScriptingClass (12ms)
	initialDomainReloadingComplete (110ms)
	LoadAllAssembliesAndSetupDomain (132ms)
		LoadAssemblies (178ms)
		RebuildTransferFunctionScriptingTraits (0ms)
		AnalyzeDomain (129ms)
			TypeCache.Refresh (127ms)
				TypeCache.ScanAssembly (113ms)
			ScanForSourceGeneratedMonoScriptInfo (0ms)
			ResolveRequiredComponents (0ms)
	FinalizeReload (282ms)
		ReleaseScriptCaches (0ms)
		RebuildScriptCaches (0ms)
		SetupLoadedEditorAssemblies (226ms)
			LogAssemblyErrors (0ms)
			InitializePlatformSupportModulesInManaged (18ms)
			SetLoadedEditorAssemblies (9ms)
			RefreshPlugins (0ms)
			BeforeProcessingInitializeOnLoad (2ms)
			ProcessInitializeOnLoadAttributes (146ms)
			ProcessInitializeOnLoadMethodAttributes (51ms)
			AfterProcessingInitializeOnLoad (0ms)
			EditorAssembliesLoaded (0ms)
		ExecutionOrderSort2 (0ms)
		AwakeInstancesAfterBackupRestoration (0ms)
========================================================================
Worker process is ready to serve import requests
Begin MonoManager ReloadAssembly
- Loaded All Assemblies, in  1.098 seconds
Refreshing native plugins compatible for Editor in 19.79 ms, found 4 plugins.
Native extension for WindowsStandalone target not found
Mono: successfully reloaded assembly
- Finished resetting the current domain, in  1.166 seconds
Domain Reload Profiling: 2239ms
	BeginReloadAssembly (226ms)
		ExecutionOrderSort (0ms)
		DisableScriptedObjects (9ms)
		BackupInstance (0ms)
		ReleaseScriptingObjects (0ms)
		CreateAndSetChildDomain (25ms)
	RebuildCommonClasses (37ms)
	RebuildNativeTypeToScriptingClass (10ms)
	initialDomainReloadingComplete (87ms)
	LoadAllAssembliesAndSetupDomain (713ms)
		LoadAssemblies (686ms)
		RebuildTransferFunctionScriptingTraits (0ms)
		AnalyzeDomain (174ms)
			TypeCache.Refresh (146ms)
				TypeCache.ScanAssembly (128ms)
			ScanForSourceGeneratedMonoScriptInfo (22ms)
			ResolveRequiredComponents (5ms)
	FinalizeReload (1166ms)
		ReleaseScriptCaches (0ms)
		RebuildScriptCaches (0ms)
		SetupLoadedEditorAssemblies (1005ms)
			LogAssemblyErrors (0ms)
			InitializePlatformSupportModulesInManaged (13ms)
			SetLoadedEditorAssemblies (6ms)
			RefreshPlugins (0ms)
			BeforeProcessingInitializeOnLoad (190ms)
			ProcessInitializeOnLoadAttributes (719ms)
			ProcessInitializeOnLoadMethodAttributes (39ms)
			AfterProcessingInitializeOnLoad (37ms)
			EditorAssembliesLoaded (0ms)
		ExecutionOrderSort2 (0ms)
		AwakeInstancesAfterBackupRestoration (8ms)
Launched and connected shader compiler UnityShaderCompiler.exe after 0.06 seconds
Refreshing native plugins compatible for Editor in 20.80 ms, found 4 plugins.
Preloading 0 native plugins for Editor in 0.00 ms.
Unloading 4067 Unused Serialized files (Serialized files now loaded: 0)
Unloading 72 unused Assets / (245.0 KB). Loaded Objects now: 4523.
Memory consumption went from 148.3 MB to 148.0 MB.
Total: 3.821000 ms (FindLiveObjects: 0.262700 ms CreateObjectMapping: 0.242500 ms MarkObjects: 3.116900 ms  DeleteObjects: 0.198300 ms)

AssetImportParameters requested are different than current active one (requested -> active):
  custom:container-demuxer-ogg: 62fdf1f143b41e24485cea50d1cbac27 -> 
  custom:video-codec-MediaFoundation-h265: 746d11721c4dcdbdad8f713fa42b33f4 -> 
  custom:video-decoder-ogg-theora: a1e56fd34408186e4bbccfd4996cb3dc -> 
  custom:framework-win-MediaFoundation: 216162199b28c13a410421893ffa2e32 -> 
  custom:CustomObjectIndexerAttribute: 9a22284fe3817be447336de3de66b15e -> 
  custom:container-demuxer-webm: 4f35f7cbe854078d1ac9338744f61a02 -> 
  custom:container-muxer-webm: aa71ff27fc2769a1b78a27578f13a17b -> 
  custom:video-decoder-webm-vp8: 9c59270c3fd7afecdb556c50c9e8de78 -> 
  custom:SearchIndexIgnoredProperties: e643bd26f0fe6173181afceb89e7c659 -> 
  custom:AudioImporter_EditorPlatform: d09bf68614088b80899f8185d706f6e7 -> 
  custom:video-encoder-webm-vp8: eb34c28f22e8b96e1ab97ce403110664 -> 
  custom:audio-decoder-ogg-vorbis: bf7c407c2cedff20999df2af8eb42d56 -> 
  custom:audio-encoder-webm-vorbis: bf7c407c2cedff20999df2af8eb42d56 -> 
========================================================================
Received Import Request.
  Time since last request: 30338.824346 seconds.
  path: Assets/Assets/Boss1/Base/Aseprite/Kla'ed - Bomber - Base.aseprite
  artifactKey: Guid(ff80197b7b16e664f841823ec42c1ddb) Importer(815301076,1909f56bfc062723c751e8b465ee728b)
Start importing Assets/Assets/Boss1/Base/Aseprite/Kla'ed - Bomber - Base.aseprite using Guid(ff80197b7b16e664f841823ec42c1ddb) Importer(815301076,1909f56bfc062723c751e8b465ee728b)  -> (artifact id: '25e5a59b53698b56b4703654a6dbef64') in 0.126115 seconds
Number of updated asset objects reloaded before import = 0
Number of asset objects unloaded after import = 7
========================================================================
Received Import Request.
  Time since last request: 0.000035 seconds.
  path: Assets/Assets/Boss1/Base/PNGs/Kla'ed - Bomber - Base.png
  artifactKey: Guid(10c31ed49c4f390489ff15f1308df2ae) Importer(815301076,1909f56bfc062723c751e8b465ee728b)
Start importing Assets/Assets/Boss1/Base/PNGs/Kla'ed - Bomber - Base.png using Guid(10c31ed49c4f390489ff15f1308df2ae) Importer(815301076,1909f56bfc062723c751e8b465ee728b)  -> (artifact id: '9c3d01054a6a520fdeee933003de2b9c') in 0.043379 seconds
Number of updated asset objects reloaded before import = 0
Number of asset objects unloaded after import = 3
========================================================================
Received Import Request.
  Time since last request: 0.000022 seconds.
  path: Assets/Assets/Boss1/Base/PNGs/Kla'ed - Scout - Base.png
  artifactKey: Guid(34f7e9eeaabf74c47a2bdbad437d5979) Importer(815301076,1909f56bfc062723c751e8b465ee728b)
Start importing Assets/Assets/Boss1/Base/PNGs/Kla'ed - Scout - Base.png using Guid(34f7e9eeaabf74c47a2bdbad437d5979) Importer(815301076,1909f56bfc062723c751e8b465ee728b)  -> (artifact id: '86f7caa741a74644e3cba8f52862a790') in 0.017939 seconds
Number of updated asset objects reloaded before import = 0
Number of asset objects unloaded after import = 3
========================================================================
Received Import Request.
  Time since last request: 0.000020 seconds.
  path: Assets/Assets/Boss1/Base/PNGs/Kla'ed - Frigate - Base.png
  artifactKey: Guid(aa055771231c4814c993fc7ad33c65b2) Importer(815301076,1909f56bfc062723c751e8b465ee728b)
Start importing Assets/Assets/Boss1/Base/PNGs/Kla'ed - Frigate - Base.png using Guid(aa055771231c4814c993fc7ad33c65b2) Importer(815301076,1909f56bfc062723c751e8b465ee728b)  -> (artifact id: 'b724d12437565b1b108407c970d7448b') in 0.016337 seconds
Number of updated asset objects reloaded before import = 0
Number of asset objects unloaded after import = 3
========================================================================
Received Import Request.
  Time since last request: 0.000016 seconds.
  path: Assets/Assets/Boss1/Base/Aseprite/Kla'ed - Torpedo Ship - Base.aseprite
  artifactKey: Guid(a9a466132d4b928498416ce4dc66061b) Importer(815301076,1909f56bfc062723c751e8b465ee728b)
Start importing Assets/Assets/Boss1/Base/Aseprite/Kla'ed - Torpedo Ship - Base.aseprite using Guid(a9a466132d4b928498416ce4dc66061b) Importer(815301076,1909f56bfc062723c751e8b465ee728b)  -> (artifact id: '8a3442c5a4ac5498f95902d16a26c085') in 0.025096 seconds
Number of updated asset objects reloaded before import = 0
Number of asset objects unloaded after import = 7
========================================================================
Received Import Request.
  Time since last request: 0.000019 seconds.
  path: Assets/Assets/Boss1/Base/PNGs/Kla'ed - Battlecruiser - Base.png
  artifactKey: Guid(c467469156514fd4fa5ff0f6ac9e3577) Importer(815301076,1909f56bfc062723c751e8b465ee728b)
Start importing Assets/Assets/Boss1/Base/PNGs/Kla'ed - Battlecruiser - Base.png using Guid(c467469156514fd4fa5ff0f6ac9e3577) Importer(815301076,1909f56bfc062723c751e8b465ee728b)  -> (artifact id: '87bcce72d043bce3de78aaa82fe83070') in 0.020535 seconds
Number of updated asset objects reloaded before import = 0
Number of asset objects unloaded after import = 3
========================================================================
Received Import Request.
  Time since last request: 0.000017 seconds.
  path: Assets/Assets/Boss1/Base/Aseprite
  artifactKey: Guid(e5edb0878546d8c4994f2a58e3b18cdb) Importer(815301076,1909f56bfc062723c751e8b465ee728b)
Start importing Assets/Assets/Boss1/Base/Aseprite using Guid(e5edb0878546d8c4994f2a58e3b18cdb) Importer(815301076,1909f56bfc062723c751e8b465ee728b)  -> (artifact id: '629a37f0a10e2793cc704f681e67a332') in 0.000745 seconds
Number of updated asset objects reloaded before import = 0
Number of asset objects unloaded after import = 0
========================================================================
Received Import Request.
  Time since last request: 0.000018 seconds.
  path: Assets/Assets/Boss1/Base/Aseprite/Kla'ed - Scout - Base.aseprite
  artifactKey: Guid(3917e0ad795a46d45908a30fc21f7303) Importer(815301076,1909f56bfc062723c751e8b465ee728b)
Start importing Assets/Assets/Boss1/Base/Aseprite/Kla'ed - Scout - Base.aseprite using Guid(3917e0ad795a46d45908a30fc21f7303) Importer(815301076,1909f56bfc062723c751e8b465ee728b)  -> (artifact id: '1945e0a3bdacb039e46d3b3c2102daaf') in 0.020175 seconds
Number of updated asset objects reloaded before import = 0
Number of asset objects unloaded after import = 7
========================================================================
Received Import Request.
  Time since last request: 0.000020 seconds.
  path: Assets/Assets/Boss1/Base/PNGs/Kla'ed - Support ship - Base.png
  artifactKey: Guid(06cf6ce01b9728e479e1b41930de8c81) Importer(815301076,1909f56bfc062723c751e8b465ee728b)
Start importing Assets/Assets/Boss1/Base/PNGs/Kla'ed - Support ship - Base.png using Guid(06cf6ce01b9728e479e1b41930de8c81) Importer(815301076,1909f56bfc062723c751e8b465ee728b)  -> (artifact id: '2c72ee3b19a66df077380b560db8d7a7') in 0.020102 seconds
Number of updated asset objects reloaded before import = 0
Number of asset objects unloaded after import = 3
========================================================================
Received Import Request.
  Time since last request: 0.000017 seconds.
  path: Assets/Assets/Boss1/Base/Aseprite/Kla'ed - Battlecruiser - Base.aseprite
  artifactKey: Guid(db265ff7723d4b046ad87ca23d75a631) Importer(815301076,1909f56bfc062723c751e8b465ee728b)
Start importing Assets/Assets/Boss1/Base/Aseprite/Kla'ed - Battlecruiser - Base.aseprite using Guid(db265ff7723d4b046ad87ca23d75a631) Importer(815301076,1909f56bfc062723c751e8b465ee728b)  -> (artifact id: '65eaa2a959efbc7700ad9a8be479944d') in 0.022368 seconds
Number of updated asset objects reloaded before import = 0
Number of asset objects unloaded after import = 7
========================================================================
Received Import Request.
  Time since last request: 71.642845 seconds.
  path: Assets/Assets/Boss1/Destruction/Aseprite/Kla'ed - Bomber - Destruction.aseprite
  artifactKey: Guid(3cb0282d649fa554aa7d4b3863388be3) Importer(815301076,1909f56bfc062723c751e8b465ee728b)
Start importing Assets/Assets/Boss1/Destruction/Aseprite/Kla'ed - Bomber - Destruction.aseprite using Guid(3cb0282d649fa554aa7d4b3863388be3) Importer(815301076,1909f56bfc062723c751e8b465ee728b)  -> (artifact id: '8981feb1e4a97d6eeb2a2b6589f18ed1') in 0.030199 seconds
Number of updated asset objects reloaded before import = 0
Number of asset objects unloaded after import = 19
========================================================================
Received Import Request.
  Time since last request: 0.000016 seconds.
  path: Assets/Assets/Boss1/Destruction/Aseprite/Kla'ed - Dreadnought - Destruction.aseprite
  artifactKey: Guid(3db37aa4fa673bc40b33001e6e974f5b) Importer(815301076,1909f56bfc062723c751e8b465ee728b)
Start importing Assets/Assets/Boss1/Destruction/Aseprite/Kla'ed - Dreadnought - Destruction.aseprite using Guid(3db37aa4fa673bc40b33001e6e974f5b) Importer(815301076,1909f56bfc062723c751e8b465ee728b)  -> (artifact id: '7512efd238649960f679ded9fbe2d0e8') in 0.037726 seconds
Number of updated asset objects reloaded before import = 0
Number of asset objects unloaded after import = 23
========================================================================
Received Import Request.
  Time since last request: 0.010227 seconds.
  path: Assets/Assets/Boss1/Destruction/Aseprite/Kla'ed - Support ship - Destruction.aseprite
  artifactKey: Guid(ad85e7d6c3823a6428851f9baca03556) Importer(815301076,1909f56bfc062723c751e8b465ee728b)
Start importing Assets/Assets/Boss1/Destruction/Aseprite/Kla'ed - Support ship - Destruction.aseprite using Guid(ad85e7d6c3823a6428851f9baca03556) Importer(815301076,1909f56bfc062723c751e8b465ee728b)  -> (artifact id: 'baa03d856969a61e44a177d649d8ca52') in 0.040637 seconds
Number of updated asset objects reloaded before import = 0
Number of asset objects unloaded after import = 20
========================================================================
Received Import Request.
  Time since last request: 0.000016 seconds.
  path: Assets/Assets/Boss1/Destruction/Aseprite/Kla'ed - Frigate - Destruction.aseprite
  artifactKey: Guid(b64c580b4851d6b40b9eacd0a66dae79) Importer(815301076,1909f56bfc062723c751e8b465ee728b)
Start importing Assets/Assets/Boss1/Destruction/Aseprite/Kla'ed - Frigate - Destruction.aseprite using Guid(b64c580b4851d6b40b9eacd0a66dae79) Importer(815301076,1909f56bfc062723c751e8b465ee728b)  -> (artifact id: 'c6e6f45869750b5937928f82759c17b6') in 0.037606 seconds
Number of updated asset objects reloaded before import = 0
Number of asset objects unloaded after import = 20
========================================================================
Received Import Request.
  Time since last request: 16.600576 seconds.
  path: Assets/Assets/Boss1/Engine/PNGs/Kla'ed - Bomber - Engine.png
  artifactKey: Guid(7037def800fb39545a7bc4121e9e195a) Importer(815301076,1909f56bfc062723c751e8b465ee728b)
Start importing Assets/Assets/Boss1/Engine/PNGs/Kla'ed - Bomber - Engine.png using Guid(7037def800fb39545a7bc4121e9e195a) Importer(815301076,1909f56bfc062723c751e8b465ee728b)  -> (artifact id: '4a269d2304114adcb3ae08d30d9c5995') in 0.014406 seconds
Number of updated asset objects reloaded before import = 0
Number of asset objects unloaded after import = 3
========================================================================
Received Import Request.
  Time since last request: 0.008625 seconds.
  path: Assets/Assets/Boss1/Engine/PNGs/Kla'ed - Fighter - Engine.png
  artifactKey: Guid(50d00f791da009f4e95c0a85d8b0975d) Importer(815301076,1909f56bfc062723c751e8b465ee728b)
Start importing Assets/Assets/Boss1/Engine/PNGs/Kla'ed - Fighter - Engine.png using Guid(50d00f791da009f4e95c0a85d8b0975d) Importer(815301076,1909f56bfc062723c751e8b465ee728b)  -> (artifact id: 'e5067ee030552362588ad480ec9cbb23') in 0.015285 seconds
Number of updated asset objects reloaded before import = 0
Number of asset objects unloaded after import = 3
========================================================================
Received Import Request.
  Time since last request: 0.007062 seconds.
  path: Assets/Assets/Boss1/Engine/PNGs/Kla'ed - Scout - Engine.png
  artifactKey: Guid(0bcdeb9ee75b0f44a93c3603706bc0c7) Importer(815301076,1909f56bfc062723c751e8b465ee728b)
Start importing Assets/Assets/Boss1/Engine/PNGs/Kla'ed - Scout - Engine.png using Guid(0bcdeb9ee75b0f44a93c3603706bc0c7) Importer(815301076,1909f56bfc062723c751e8b465ee728b)  -> (artifact id: '32c09eaa82400cef98d27629266db731') in 0.007781 seconds
Number of updated asset objects reloaded before import = 0
Number of asset objects unloaded after import = 3
========================================================================
Received Import Request.
  Time since last request: 0.014786 seconds.
  path: Assets/Assets/Boss1/Engine/PNGs/Kla'ed - Torpedo Ship - Engine.png
  artifactKey: Guid(bafc981221099b2448fe30fa2410aa49) Importer(815301076,1909f56bfc062723c751e8b465ee728b)
Start importing Assets/Assets/Boss1/Engine/PNGs/Kla'ed - Torpedo Ship - Engine.png using Guid(bafc981221099b2448fe30fa2410aa49) Importer(815301076,1909f56bfc062723c751e8b465ee728b)  -> (artifact id: '0e10a23e45dcbe1b3eab510f4a94f521') in 0.015864 seconds
Number of updated asset objects reloaded before import = 0
Number of asset objects unloaded after import = 3
========================================================================
Received Import Request.
  Time since last request: 8.096174 seconds.
  path: Assets/Assets/Boss1/Weapons/PNGs/Kla'ed - Dreadnought - Weapons.png
  artifactKey: Guid(0a480083245f1a2479a54e761de4f30d) Importer(815301076,1909f56bfc062723c751e8b465ee728b)
Start importing Assets/Assets/Boss1/Weapons/PNGs/Kla'ed - Dreadnought - Weapons.png using Guid(0a480083245f1a2479a54e761de4f30d) Importer(815301076,1909f56bfc062723c751e8b465ee728b)  -> (artifact id: 'b157b8246f0966b3743357c7c9c76a96') in 0.016972 seconds
Number of updated asset objects reloaded before import = 0
Number of asset objects unloaded after import = 3
========================================================================
Received Import Request.
  Time since last request: 0.006581 seconds.
  path: Assets/Assets/Boss1/Weapons/PNGs/Kla'ed - Frigate - Weapons.png
  artifactKey: Guid(8b893a035bcccf34782d60db82d555c3) Importer(815301076,1909f56bfc062723c751e8b465ee728b)
Start importing Assets/Assets/Boss1/Weapons/PNGs/Kla'ed - Frigate - Weapons.png using Guid(8b893a035bcccf34782d60db82d555c3) Importer(815301076,1909f56bfc062723c751e8b465ee728b)  -> (artifact id: 'b4bd600d25c5a179b7f4add3da17d4db') in 0.016445 seconds
Number of updated asset objects reloaded before import = 0
Number of asset objects unloaded after import = 3
========================================================================
Received Import Request.
  Time since last request: 0.008135 seconds.
  path: Assets/Assets/Boss1/Weapons/PNGs/Kla'ed - Torpedo Ship - Weapons.png
  artifactKey: Guid(63c32a54f307ce640b31a62988f447fe) Importer(815301076,1909f56bfc062723c751e8b465ee728b)
Start importing Assets/Assets/Boss1/Weapons/PNGs/Kla'ed - Torpedo Ship - Weapons.png using Guid(63c32a54f307ce640b31a62988f447fe) Importer(815301076,1909f56bfc062723c751e8b465ee728b)  -> (artifact id: 'e373960d3fa51446b51bdb1aeb7c36c4') in 0.016553 seconds
Number of updated asset objects reloaded before import = 0
Number of asset objects unloaded after import = 3
========================================================================
Received Import Request.
  Time since last request: 5.004497 seconds.
  path: Assets/Assets/Boss1/Weapons/Aseprite/Kla'ed - Dreadnought - Weapons.aseprite
  artifactKey: Guid(d02d6d1be45617c4d82a5b85357e69ed) Importer(815301076,1909f56bfc062723c751e8b465ee728b)
Start importing Assets/Assets/Boss1/Weapons/Aseprite/Kla'ed - Dreadnought - Weapons.aseprite using Guid(d02d6d1be45617c4d82a5b85357e69ed) Importer(815301076,1909f56bfc062723c751e8b465ee728b)  -> (artifact id: 'ba7c6915c0be87a7d60d2bb2aec0072a') in 0.136569 seconds
Number of updated asset objects reloaded before import = 0
Number of asset objects unloaded after import = 73
========================================================================
Received Import Request.
  Time since last request: 13.698995 seconds.
  path: Assets/Assets/Boss1/Projectiles/PNGs/Kla'ed - Bullet.png
  artifactKey: Guid(152db796b6788684b8083a4812c574ff) Importer(815301076,1909f56bfc062723c751e8b465ee728b)
Start importing Assets/Assets/Boss1/Projectiles/PNGs/Kla'ed - Bullet.png using Guid(152db796b6788684b8083a4812c574ff) Importer(815301076,1909f56bfc062723c751e8b465ee728b)  -> (artifact id: '60221b77c9c9b4a7456fa8d8999fe6fe') in 0.014996 seconds
Number of updated asset objects reloaded before import = 0
Number of asset objects unloaded after import = 3
========================================================================
Received Import Request.
  Time since last request: 0.032612 seconds.
  path: Assets/Assets/Boss1/Projectiles/PNGs/Kla'ed - Wave.png
  artifactKey: Guid(a5a059a104a702240bf2da2d7b785403) Importer(815301076,1909f56bfc062723c751e8b465ee728b)
Start importing Assets/Assets/Boss1/Projectiles/PNGs/Kla'ed - Wave.png using Guid(a5a059a104a702240bf2da2d7b785403) Importer(815301076,1909f56bfc062723c751e8b465ee728b)  -> (artifact id: '55fa8d02446ff7644370d8f5b6db1927') in 0.015622 seconds
Number of updated asset objects reloaded before import = 0
Number of asset objects unloaded after import = 3
========================================================================
Received Import Request.
  Time since last request: 79.983997 seconds.
  path: Assets/Assets/Boss1/Shield/PNGs/Kla'ed - Torpedo Ship - Shield.png
  artifactKey: Guid(fb89f057de13d0a4aaf19cfed3796833) Importer(815301076,1909f56bfc062723c751e8b465ee728b)
Start importing Assets/Assets/Boss1/Shield/PNGs/Kla'ed - Torpedo Ship - Shield.png using Guid(fb89f057de13d0a4aaf19cfed3796833) Importer(815301076,1909f56bfc062723c751e8b465ee728b)  -> (artifact id: '9316d1297ea2d129fe79947a5b4a855f') in 0.017418 seconds
Number of updated asset objects reloaded before import = 0
Number of asset objects unloaded after import = 3
========================================================================
Received Prepare
Begin MonoManager ReloadAssembly
- Loaded All Assemblies, in  0.968 seconds
Refreshing native plugins compatible for Editor in 24.14 ms, found 4 plugins.
Native extension for WindowsStandalone target not found
Mono: successfully reloaded assembly
- Finished resetting the current domain, in  2.618 seconds
Domain Reload Profiling: 3557ms
	BeginReloadAssembly (231ms)
		ExecutionOrderSort (0ms)
		DisableScriptedObjects (10ms)
		BackupInstance (0ms)
		ReleaseScriptingObjects (0ms)
		CreateAndSetChildDomain (41ms)
	RebuildCommonClasses (36ms)
	RebuildNativeTypeToScriptingClass (9ms)
	initialDomainReloadingComplete (65ms)
	LoadAllAssembliesAndSetupDomain (598ms)
		LoadAssemblies (717ms)
		RebuildTransferFunctionScriptingTraits (0ms)
		AnalyzeDomain (14ms)
			TypeCache.Refresh (5ms)
				TypeCache.ScanAssembly (0ms)
			ScanForSourceGeneratedMonoScriptInfo (0ms)
			ResolveRequiredComponents (7ms)
	FinalizeReload (2619ms)
		ReleaseScriptCaches (0ms)
		RebuildScriptCaches (0ms)
		SetupLoadedEditorAssemblies (973ms)
			LogAssemblyErrors (0ms)
			InitializePlatformSupportModulesInManaged (16ms)
			SetLoadedEditorAssemblies (5ms)
			RefreshPlugins (0ms)
			BeforeProcessingInitializeOnLoad (186ms)
			ProcessInitializeOnLoadAttributes (688ms)
			ProcessInitializeOnLoadMethodAttributes (37ms)
			AfterProcessingInitializeOnLoad (40ms)
			EditorAssembliesLoaded (0ms)
		ExecutionOrderSort2 (0ms)
		AwakeInstancesAfterBackupRestoration (14ms)
Refreshing native plugins compatible for Editor in 22.92 ms, found 4 plugins.
Preloading 0 native plugins for Editor in 0.00 ms.
Unloading 4048 Unused Serialized files (Serialized files now loaded: 0)
Unloading 44 unused Assets / (217.3 KB). Loaded Objects now: 4586.
Memory consumption went from 150.1 MB to 149.9 MB.
Total: 4.124800 ms (FindLiveObjects: 0.271800 ms CreateObjectMapping: 0.247700 ms MarkObjects: 3.421500 ms  DeleteObjects: 0.182500 ms)

Prepare: number of updated asset objects reloaded= 0
AssetImportParameters requested are different than current active one (requested -> active):
  custom:container-demuxer-ogg: 62fdf1f143b41e24485cea50d1cbac27 -> 
  custom:video-codec-MediaFoundation-h265: 746d11721c4dcdbdad8f713fa42b33f4 -> 
  custom:video-decoder-ogg-theora: a1e56fd34408186e4bbccfd4996cb3dc -> 
  custom:framework-win-MediaFoundation: 216162199b28c13a410421893ffa2e32 -> 
  custom:CustomObjectIndexerAttribute: 9a22284fe3817be447336de3de66b15e -> 
  custom:container-demuxer-webm: 4f35f7cbe854078d1ac9338744f61a02 -> 
  custom:container-muxer-webm: aa71ff27fc2769a1b78a27578f13a17b -> 
  custom:video-decoder-webm-vp8: 9c59270c3fd7afecdb556c50c9e8de78 -> 
  custom:SearchIndexIgnoredProperties: e643bd26f0fe6173181afceb89e7c659 -> 
  custom:AudioImporter_EditorPlatform: d09bf68614088b80899f8185d706f6e7 -> 
  custom:video-encoder-webm-vp8: eb34c28f22e8b96e1ab97ce403110664 -> 
  custom:audio-decoder-ogg-vorbis: bf7c407c2cedff20999df2af8eb42d56 -> 
  custom:audio-encoder-webm-vorbis: bf7c407c2cedff20999df2af8eb42d56 -> 
========================================================================
Received Prepare
Begin MonoManager ReloadAssembly
- Loaded All Assemblies, in  0.981 seconds
Refreshing native plugins compatible for Editor in 23.41 ms, found 4 plugins.
Native extension for WindowsStandalone target not found
Mono: successfully reloaded assembly
- Finished resetting the current domain, in  2.553 seconds
Domain Reload Profiling: 3502ms
	BeginReloadAssembly (233ms)
		ExecutionOrderSort (0ms)
		DisableScriptedObjects (12ms)
		BackupInstance (0ms)
		ReleaseScriptingObjects (0ms)
		CreateAndSetChildDomain (39ms)
	RebuildCommonClasses (31ms)
	RebuildNativeTypeToScriptingClass (13ms)
	initialDomainReloadingComplete (77ms)
	LoadAllAssembliesAndSetupDomain (594ms)
		LoadAssemblies (717ms)
		RebuildTransferFunctionScriptingTraits (0ms)
		AnalyzeDomain (12ms)
			TypeCache.Refresh (5ms)
				TypeCache.ScanAssembly (0ms)
			ScanForSourceGeneratedMonoScriptInfo (0ms)
			ResolveRequiredComponents (6ms)
	FinalizeReload (2553ms)
		ReleaseScriptCaches (0ms)
		RebuildScriptCaches (0ms)
		SetupLoadedEditorAssemblies (961ms)
			LogAssemblyErrors (0ms)
			InitializePlatformSupportModulesInManaged (16ms)
			SetLoadedEditorAssemblies (5ms)
			RefreshPlugins (0ms)
			BeforeProcessingInitializeOnLoad (192ms)
			ProcessInitializeOnLoadAttributes (675ms)
			ProcessInitializeOnLoadMethodAttributes (33ms)
			AfterProcessingInitializeOnLoad (39ms)
			EditorAssembliesLoaded (0ms)
		ExecutionOrderSort2 (0ms)
		AwakeInstancesAfterBackupRestoration (16ms)
Refreshing native plugins compatible for Editor in 20.04 ms, found 4 plugins.
Preloading 0 native plugins for Editor in 0.00 ms.
Unloading 4049 Unused Serialized files (Serialized files now loaded: 0)
Unloading 44 unused Assets / (217.4 KB). Loaded Objects now: 4590.
Memory consumption went from 152.3 MB to 152.1 MB.
Total: 4.141000 ms (FindLiveObjects: 0.275700 ms CreateObjectMapping: 0.261200 ms MarkObjects: 3.428700 ms  DeleteObjects: 0.174400 ms)

Prepare: number of updated asset objects reloaded= 0
AssetImportParameters requested are different than current active one (requested -> active):
  custom:container-demuxer-ogg: 62fdf1f143b41e24485cea50d1cbac27 -> 
  custom:video-codec-MediaFoundation-h265: 746d11721c4dcdbdad8f713fa42b33f4 -> 
  custom:video-decoder-ogg-theora: a1e56fd34408186e4bbccfd4996cb3dc -> 
  custom:framework-win-MediaFoundation: 216162199b28c13a410421893ffa2e32 -> 
  custom:CustomObjectIndexerAttribute: 9a22284fe3817be447336de3de66b15e -> 
  custom:container-demuxer-webm: 4f35f7cbe854078d1ac9338744f61a02 -> 
  custom:container-muxer-webm: aa71ff27fc2769a1b78a27578f13a17b -> 
  custom:video-decoder-webm-vp8: 9c59270c3fd7afecdb556c50c9e8de78 -> 
  custom:SearchIndexIgnoredProperties: e643bd26f0fe6173181afceb89e7c659 -> 
  custom:AudioImporter_EditorPlatform: d09bf68614088b80899f8185d706f6e7 -> 
  custom:video-encoder-webm-vp8: eb34c28f22e8b96e1ab97ce403110664 -> 
  custom:audio-decoder-ogg-vorbis: bf7c407c2cedff20999df2af8eb42d56 -> 
  custom:audio-encoder-webm-vorbis: bf7c407c2cedff20999df2af8eb42d56 -> 
========================================================================
Received Prepare
Begin MonoManager ReloadAssembly
- Loaded All Assemblies, in  0.840 seconds
Refreshing native plugins compatible for Editor in 20.88 ms, found 4 plugins.
Native extension for WindowsStandalone target not found
Mono: successfully reloaded assembly
- Finished resetting the current domain, in  2.495 seconds
Domain Reload Profiling: 3313ms
	BeginReloadAssembly (233ms)
		ExecutionOrderSort (0ms)
		DisableScriptedObjects (11ms)
		BackupInstance (0ms)
		ReleaseScriptingObjects (0ms)
		CreateAndSetChildDomain (41ms)
	RebuildCommonClasses (34ms)
	RebuildNativeTypeToScriptingClass (11ms)
	initialDomainReloadingComplete (64ms)
	LoadAllAssembliesAndSetupDomain (474ms)
		LoadAssemblies (597ms)
		RebuildTransferFunctionScriptingTraits (0ms)
		AnalyzeDomain (12ms)
			TypeCache.Refresh (4ms)
				TypeCache.ScanAssembly (0ms)
			ScanForSourceGeneratedMonoScriptInfo (0ms)
			ResolveRequiredComponents (6ms)
	FinalizeReload (2496ms)
		ReleaseScriptCaches (0ms)
		RebuildScriptCaches (0ms)
		SetupLoadedEditorAssemblies (973ms)
			LogAssemblyErrors (0ms)
			InitializePlatformSupportModulesInManaged (14ms)
			SetLoadedEditorAssemblies (4ms)
			RefreshPlugins (0ms)
			BeforeProcessingInitializeOnLoad (173ms)
			ProcessInitializeOnLoadAttributes (710ms)
			ProcessInitializeOnLoadMethodAttributes (32ms)
			AfterProcessingInitializeOnLoad (39ms)
			EditorAssembliesLoaded (0ms)
		ExecutionOrderSort2 (0ms)
		AwakeInstancesAfterBackupRestoration (14ms)
Refreshing native plugins compatible for Editor in 19.26 ms, found 4 plugins.
Preloading 0 native plugins for Editor in 0.00 ms.
Unloading 4049 Unused Serialized files (Serialized files now loaded: 0)
Unloading 44 unused Assets / (217.5 KB). Loaded Objects now: 4594.
Memory consumption went from 154.3 MB to 154.1 MB.
Total: 3.949500 ms (FindLiveObjects: 0.269800 ms CreateObjectMapping: 0.203600 ms MarkObjects: 3.250200 ms  DeleteObjects: 0.225000 ms)

Prepare: number of updated asset objects reloaded= 0
AssetImportParameters requested are different than current active one (requested -> active):
  custom:container-demuxer-ogg: 62fdf1f143b41e24485cea50d1cbac27 -> 
  custom:video-codec-MediaFoundation-h265: 746d11721c4dcdbdad8f713fa42b33f4 -> 
  custom:video-decoder-ogg-theora: a1e56fd34408186e4bbccfd4996cb3dc -> 
  custom:framework-win-MediaFoundation: 216162199b28c13a410421893ffa2e32 -> 
  custom:CustomObjectIndexerAttribute: 9a22284fe3817be447336de3de66b15e -> 
  custom:container-demuxer-webm: 4f35f7cbe854078d1ac9338744f61a02 -> 
  custom:container-muxer-webm: aa71ff27fc2769a1b78a27578f13a17b -> 
  custom:video-decoder-webm-vp8: 9c59270c3fd7afecdb556c50c9e8de78 -> 
  custom:SearchIndexIgnoredProperties: e643bd26f0fe6173181afceb89e7c659 -> 
  custom:AudioImporter_EditorPlatform: d09bf68614088b80899f8185d706f6e7 -> 
  custom:video-encoder-webm-vp8: eb34c28f22e8b96e1ab97ce403110664 -> 
  custom:audio-decoder-ogg-vorbis: bf7c407c2cedff20999df2af8eb42d56 -> 
  custom:audio-encoder-webm-vorbis: bf7c407c2cedff20999df2af8eb42d56 -> 
========================================================================
Received Prepare
Begin MonoManager ReloadAssembly
- Loaded All Assemblies, in  0.829 seconds
Refreshing native plugins compatible for Editor in 21.79 ms, found 4 plugins.
Native extension for WindowsStandalone target not found
Mono: successfully reloaded assembly
- Finished resetting the current domain, in  2.520 seconds
Domain Reload Profiling: 3329ms
	BeginReloadAssembly (233ms)
		ExecutionOrderSort (0ms)
		DisableScriptedObjects (11ms)
		BackupInstance (0ms)
		ReleaseScriptingObjects (0ms)
		CreateAndSetChildDomain (39ms)
	RebuildCommonClasses (31ms)
	RebuildNativeTypeToScriptingClass (9ms)
	initialDomainReloadingComplete (64ms)
	LoadAllAssembliesAndSetupDomain (470ms)
		LoadAssemblies (596ms)
		RebuildTransferFunctionScriptingTraits (0ms)
		AnalyzeDomain (12ms)
			TypeCache.Refresh (5ms)
				TypeCache.ScanAssembly (0ms)
			ScanForSourceGeneratedMonoScriptInfo (0ms)
			ResolveRequiredComponents (6ms)
	FinalizeReload (2521ms)
		ReleaseScriptCaches (0ms)
		RebuildScriptCaches (0ms)
		SetupLoadedEditorAssemblies (963ms)
			LogAssemblyErrors (0ms)
			InitializePlatformSupportModulesInManaged (15ms)
			SetLoadedEditorAssemblies (4ms)
			RefreshPlugins (0ms)
			BeforeProcessingInitializeOnLoad (180ms)
			ProcessInitializeOnLoadAttributes (684ms)
			ProcessInitializeOnLoadMethodAttributes (41ms)
			AfterProcessingInitializeOnLoad (39ms)
			EditorAssembliesLoaded (0ms)
		ExecutionOrderSort2 (0ms)
		AwakeInstancesAfterBackupRestoration (13ms)
Refreshing native plugins compatible for Editor in 18.35 ms, found 4 plugins.
Preloading 0 native plugins for Editor in 0.00 ms.
Unloading 4049 Unused Serialized files (Serialized files now loaded: 0)
Unloading 44 unused Assets / (218.5 KB). Loaded Objects now: 4598.
Memory consumption went from 156.2 MB to 156.0 MB.
Total: 3.304600 ms (FindLiveObjects: 0.270100 ms CreateObjectMapping: 0.098300 ms MarkObjects: 2.757900 ms  DeleteObjects: 0.177300 ms)

Prepare: number of updated asset objects reloaded= 0
AssetImportParameters requested are different than current active one (requested -> active):
  custom:container-demuxer-ogg: 62fdf1f143b41e24485cea50d1cbac27 -> 
  custom:video-codec-MediaFoundation-h265: 746d11721c4dcdbdad8f713fa42b33f4 -> 
  custom:video-decoder-ogg-theora: a1e56fd34408186e4bbccfd4996cb3dc -> 
  custom:framework-win-MediaFoundation: 216162199b28c13a410421893ffa2e32 -> 
  custom:CustomObjectIndexerAttribute: 9a22284fe3817be447336de3de66b15e -> 
  custom:container-demuxer-webm: 4f35f7cbe854078d1ac9338744f61a02 -> 
  custom:container-muxer-webm: aa71ff27fc2769a1b78a27578f13a17b -> 
  custom:video-decoder-webm-vp8: 9c59270c3fd7afecdb556c50c9e8de78 -> 
  custom:SearchIndexIgnoredProperties: e643bd26f0fe6173181afceb89e7c659 -> 
  custom:AudioImporter_EditorPlatform: d09bf68614088b80899f8185d706f6e7 -> 
  custom:video-encoder-webm-vp8: eb34c28f22e8b96e1ab97ce403110664 -> 
  custom:audio-decoder-ogg-vorbis: bf7c407c2cedff20999df2af8eb42d56 -> 
  custom:audio-encoder-webm-vorbis: bf7c407c2cedff20999df2af8eb42d56 -> 
========================================================================
Received Prepare
Begin MonoManager ReloadAssembly
- Loaded All Assemblies, in  0.900 seconds
Refreshing native plugins compatible for Editor in 23.48 ms, found 4 plugins.
Native extension for WindowsStandalone target not found
Mono: successfully reloaded assembly
- Finished resetting the current domain, in  2.533 seconds
Domain Reload Profiling: 3412ms
	BeginReloadAssembly (244ms)
		ExecutionOrderSort (0ms)
		DisableScriptedObjects (10ms)
		BackupInstance (0ms)
		ReleaseScriptingObjects (0ms)
		CreateAndSetChildDomain (42ms)
	RebuildCommonClasses (31ms)
	RebuildNativeTypeToScriptingClass (9ms)
	initialDomainReloadingComplete (71ms)
	LoadAllAssembliesAndSetupDomain (523ms)
		LoadAssemblies (653ms)
		RebuildTransferFunctionScriptingTraits (0ms)
		AnalyzeDomain (14ms)
			TypeCache.Refresh (6ms)
				TypeCache.ScanAssembly (0ms)
			ScanForSourceGeneratedMonoScriptInfo (0ms)
			ResolveRequiredComponents (6ms)
	FinalizeReload (2534ms)
		ReleaseScriptCaches (0ms)
		RebuildScriptCaches (0ms)
		SetupLoadedEditorAssemblies (984ms)
			LogAssemblyErrors (0ms)
			InitializePlatformSupportModulesInManaged (17ms)
			SetLoadedEditorAssemblies (5ms)
			RefreshPlugins (0ms)
			BeforeProcessingInitializeOnLoad (184ms)
			ProcessInitializeOnLoadAttributes (702ms)
			ProcessInitializeOnLoadMethodAttributes (36ms)
			AfterProcessingInitializeOnLoad (41ms)
			EditorAssembliesLoaded (0ms)
		ExecutionOrderSort2 (0ms)
		AwakeInstancesAfterBackupRestoration (14ms)
Refreshing native plugins compatible for Editor in 18.30 ms, found 4 plugins.
Preloading 0 native plugins for Editor in 0.00 ms.
Unloading 4049 Unused Serialized files (Serialized files now loaded: 0)
Unloading 44 unused Assets / (217.3 KB). Loaded Objects now: 4602.
Memory consumption went from 158.1 MB to 157.9 MB.
Total: 3.377000 ms (FindLiveObjects: 0.255900 ms CreateObjectMapping: 0.176200 ms MarkObjects: 2.770100 ms  DeleteObjects: 0.173900 ms)

Prepare: number of updated asset objects reloaded= 0
AssetImportParameters requested are different than current active one (requested -> active):
  custom:container-demuxer-ogg: 62fdf1f143b41e24485cea50d1cbac27 -> 
  custom:video-codec-MediaFoundation-h265: 746d11721c4dcdbdad8f713fa42b33f4 -> 
  custom:video-decoder-ogg-theora: a1e56fd34408186e4bbccfd4996cb3dc -> 
  custom:framework-win-MediaFoundation: 216162199b28c13a410421893ffa2e32 -> 
  custom:CustomObjectIndexerAttribute: 9a22284fe3817be447336de3de66b15e -> 
  custom:container-demuxer-webm: 4f35f7cbe854078d1ac9338744f61a02 -> 
  custom:container-muxer-webm: aa71ff27fc2769a1b78a27578f13a17b -> 
  custom:video-decoder-webm-vp8: 9c59270c3fd7afecdb556c50c9e8de78 -> 
  custom:SearchIndexIgnoredProperties: e643bd26f0fe6173181afceb89e7c659 -> 
  custom:AudioImporter_EditorPlatform: d09bf68614088b80899f8185d706f6e7 -> 
  custom:video-encoder-webm-vp8: eb34c28f22e8b96e1ab97ce403110664 -> 
  custom:audio-decoder-ogg-vorbis: bf7c407c2cedff20999df2af8eb42d56 -> 
  custom:audio-encoder-webm-vorbis: bf7c407c2cedff20999df2af8eb42d56 -> 
========================================================================
Received Import Request.
  Time since last request: 1002.104507 seconds.
  path: Assets/Assets/Boss1/Projectiles/Aseprite/Kla'ed - Bullet.aseprite
  artifactKey: Guid(40e080358822cc2499de7ba8d8e654e8) Importer(815301076,1909f56bfc062723c751e8b465ee728b)
Start importing Assets/Assets/Boss1/Projectiles/Aseprite/Kla'ed - Bullet.aseprite using Guid(40e080358822cc2499de7ba8d8e654e8) Importer(815301076,1909f56bfc062723c751e8b465ee728b)  -> (artifact id: '00fd70019f0c3b7a06e8ea4ea616b4d1') in 0.080627 seconds
Number of updated asset objects reloaded before import = 0
Number of asset objects unloaded after import = 15
